0 info it worked if it ends with ok
1 verbose cli [ 'D:\\Program Files\\nodejs\\node.exe',
1 verbose cli   'D:\\Program Files\\nodejs\\node_modules\\npm\\bin\\npm-cli.js',
1 verbose cli   'start' ]
2 info using npm@3.10.10
3 info using node@v6.11.1
4 verbose run-script [ 'prestart', 'start', 'poststart' ]
5 info lifecycle pong-mate-api@1.0.0~prestart: pong-mate-api@1.0.0
6 silly lifecycle pong-mate-api@1.0.0~prestart: no script for prestart, continuing
7 info lifecycle pong-mate-api@1.0.0~start: pong-mate-api@1.0.0
8 verbose lifecycle pong-mate-api@1.0.0~start: unsafe-perm in lifecycle true
9 verbose lifecycle pong-mate-api@1.0.0~start: PATH: D:\Program Files\nodejs\node_modules\npm\bin\node-gyp-bin;D:\Code\pong-mate-api\node_modules\.bin;C:\Users\David\bin;C:\Program Files\Git\mingw64\bin;C:\Program Files\Git\usr\local\bin;C:\Program Files\Git\usr\bin;C:\Program Files\Git\usr\bin;C:\Program Files\Git\mingw64\bin;C:\Program Files\Git\usr\bin;C:\Users\David\bin;C:\ProgramData\Oracle\Java\javapath;C:\Windows\system32;C:\Windows;C:\Windows\System32\Wbem;C:\Windows\System32\WindowsPowerShell\v1.0;C:\Program Files\Microsoft SQL Server\130\Tools\Binn;C:\Program Files\dotnet;C:\Program Files\Microsoft SQL Server\Client SDK\ODBC\130\Tools\Binn;C:\Program Files (x86)\Microsoft SQL Server\130\Tools\Binn;C:\Program Files\Microsoft SQL Server\130\DTS\Binn;D:\Program Files (x86)\Hashicorp\Vagrant\bin;D:\Program Files\nodejs;D:\Program Files\Java\jdk1.8.0_144\bin;C:\Program Files (x86)\GtkSharp\2.12\bin;C:\WINDOWS\system32;C:\WINDOWS;C:\WINDOWS\System32\Wbem;C:\WINDOWS\System32\WindowsPowerShell\v1.0;C:\Program Files\Git\usr\bin;D:\Program Files\TortoiseGit\bin;C:\Users\David\AppData\Local\Microsoft\WindowsApps;C:\Users\David\AppData\Roaming\npm;D:\Program Files\Microsoft VS Code\bin;D:\Program Files\Heroku\bin;C:\Program Files\Heroku\bin;C:\Program Files\Git\usr\bin\vendor_perl;C:\Program Files\Git\usr\bin\core_perl
10 verbose lifecycle pong-mate-api@1.0.0~start: CWD: D:\Code\pong-mate-api
11 silly lifecycle pong-mate-api@1.0.0~start: Args: [ '/d /s /c', 'node src/index.js' ]
12 silly lifecycle pong-mate-api@1.0.0~start: Returned: code: 1  signal: null
13 info lifecycle pong-mate-api@1.0.0~start: Failed to exec start script
14 verbose stack Error: pong-mate-api@1.0.0 start: `node src/index.js`
14 verbose stack Exit status 1
14 verbose stack     at EventEmitter.<anonymous> (D:\Program Files\nodejs\node_modules\npm\lib\utils\lifecycle.js:255:16)
14 verbose stack     at emitTwo (events.js:106:13)
14 verbose stack     at EventEmitter.emit (events.js:191:7)
14 verbose stack     at ChildProcess.<anonymous> (D:\Program Files\nodejs\node_modules\npm\lib\utils\spawn.js:40:14)
14 verbose stack     at emitTwo (events.js:106:13)
14 verbose stack     at ChildProcess.emit (events.js:191:7)
14 verbose stack     at maybeClose (internal/child_process.js:891:16)
14 verbose stack     at Process.ChildProcess._handle.onexit (internal/child_process.js:226:5)
15 verbose pkgid pong-mate-api@1.0.0
16 verbose cwd D:\Code\pong-mate-api
17 error Windows_NT 10.0.16299
18 error argv "D:\\Program Files\\nodejs\\node.exe" "D:\\Program Files\\nodejs\\node_modules\\npm\\bin\\npm-cli.js" "start"
19 error node v6.11.1
20 error npm  v3.10.10
21 error code ELIFECYCLE
22 error pong-mate-api@1.0.0 start: `node src/index.js`
22 error Exit status 1
23 error Failed at the pong-mate-api@1.0.0 start script 'node src/index.js'.
23 error Make sure you have the latest version of node.js and npm installed.
23 error If you do, this is most likely a problem with the pong-mate-api package,
23 error not with npm itself.
23 error Tell the author that this fails on your system:
23 error     node src/index.js
23 error You can get information on how to open an issue for this project with:
23 error     npm bugs pong-mate-api
23 error Or if that isn't available, you can get their info via:
23 error     npm owner ls pong-mate-api
23 error There is likely additional logging output above.
24 verbose exit [ 1, true ]
